2019-09-08 10:56:00.099 [main] INFO  com.boot.integration.UserServiceTest - Starting UserServiceTest on chengchenruideMacBook-Pro.local with PID 2291 (started by chengchenrui in /Users/chengchenrui/Documents/codes/boot-integration)
2019-09-08 10:56:00.099 [main] INFO  com.boot.integration.UserServiceTest - Starting UserServiceTest on chengchenruideMacBook-Pro.local with PID 2291 (started by chengchenrui in /Users/chengchenrui/Documents/codes/boot-integration)
2019-09-08 10:56:00.104 [main] INFO  com.boot.integration.UserServiceTest - No active profile set, falling back to default profiles: default
2019-09-08 10:56:00.104 [main] INFO  com.boot.integration.UserServiceTest - No active profile set, falling back to default profiles: default
2019-09-08 10:56:00.859 [main] INFO  o.s.d.r.config.RepositoryConfigurationDelegate - Multiple Spring Data modules found, entering strict repository configuration mode!
2019-09-08 10:56:00.859 [main] INFO  o.s.d.r.config.RepositoryConfigurationDelegate - Multiple Spring Data modules found, entering strict repository configuration mode!
2019-09-08 10:56:00.863 [main] INFO  o.s.d.r.config.RepositoryConfigurationDelegate - Bootstrapping Spring Data repositories in DEFAULT mode.
2019-09-08 10:56:00.863 [main] INFO  o.s.d.r.config.RepositoryConfigurationDelegate - Bootstrapping Spring Data repositories in DEFAULT mode.
2019-09-08 10:56:00.901 [main] INFO  o.s.d.r.config.RepositoryConfigurationDelegate - Finished Spring Data repository scanning in 22ms. Found 0 repository interfaces.
2019-09-08 10:56:00.901 [main] INFO  o.s.d.r.config.RepositoryConfigurationDelegate - Finished Spring Data repository scanning in 22ms. Found 0 repository interfaces.
2019-09-08 10:56:00.924 [main] INFO  o.s.d.r.config.RepositoryConfigurationDelegate - Multiple Spring Data modules found, entering strict repository configuration mode!
2019-09-08 10:56:00.924 [main] INFO  o.s.d.r.config.RepositoryConfigurationDelegate - Multiple Spring Data modules found, entering strict repository configuration mode!
2019-09-08 10:56:00.942 [main] INFO  o.s.d.r.config.RepositoryConfigurationDelegate - Bootstrapping Spring Data repositories in DEFAULT mode.
2019-09-08 10:56:00.942 [main] INFO  o.s.d.r.config.RepositoryConfigurationDelegate - Bootstrapping Spring Data repositories in DEFAULT mode.
2019-09-08 10:56:00.957 [main] INFO  o.s.d.r.config.RepositoryConfigurationDelegate - Finished Spring Data repository scanning in 3ms. Found 0 repository interfaces.
2019-09-08 10:56:00.957 [main] INFO  o.s.d.r.config.RepositoryConfigurationDelegate - Finished Spring Data repository scanning in 3ms. Found 0 repository interfaces.
2019-09-08 10:56:01.357 [main] INFO  o.s.c.s.PostProcessorRegistrationDelegate$BeanPostProcessorChecker - Bean 'com.alibaba.druid.spring.boot.autoconfigure.stat.DruidSpringAopConfiguration' of type [com.alibaba.druid.spring.boot.autoconfigure.stat.DruidSpringAopConfiguration] is not eligible for getting processed by all BeanPostProcessors (for example: not eligible for auto-proxying)
2019-09-08 10:56:01.357 [main] INFO  o.s.c.s.PostProcessorRegistrationDelegate$BeanPostProcessorChecker - Bean 'com.alibaba.druid.spring.boot.autoconfigure.stat.DruidSpringAopConfiguration' of type [com.alibaba.druid.spring.boot.autoconfigure.stat.DruidSpringAopConfiguration] is not eligible for getting processed by all BeanPostProcessors (for example: not eligible for auto-proxying)
2019-09-08 10:56:01.449 [main] INFO  o.s.c.s.PostProcessorRegistrationDelegate$BeanPostProcessorChecker - Bean 'org.springframework.transaction.annotation.ProxyTransactionManagementConfiguration' of type [org.springframework.transaction.annotation.ProxyTransactionManagementConfiguration$$EnhancerBySpringCGLIB$$9b5770a5] is not eligible for getting processed by all BeanPostProcessors (for example: not eligible for auto-proxying)
2019-09-08 10:56:01.449 [main] INFO  o.s.c.s.PostProcessorRegistrationDelegate$BeanPostProcessorChecker - Bean 'org.springframework.transaction.annotation.ProxyTransactionManagementConfiguration' of type [org.springframework.transaction.annotation.ProxyTransactionManagementConfiguration$$EnhancerBySpringCGLIB$$9b5770a5] is not eligible for getting processed by all BeanPostProcessors (for example: not eligible for auto-proxying)
2019-09-08 10:56:01.534 [main] INFO  o.s.c.s.PostProcessorRegistrationDelegate$BeanPostProcessorChecker - Bean 'spring.datasource.druid-com.alibaba.druid.spring.boot.autoconfigure.properties.DruidStatProperties' of type [com.alibaba.druid.spring.boot.autoconfigure.properties.DruidStatProperties] is not eligible for getting processed by all BeanPostProcessors (for example: not eligible for auto-proxying)
2019-09-08 10:56:01.534 [main] INFO  o.s.c.s.PostProcessorRegistrationDelegate$BeanPostProcessorChecker - Bean 'spring.datasource.druid-com.alibaba.druid.spring.boot.autoconfigure.properties.DruidStatProperties' of type [com.alibaba.druid.spring.boot.autoconfigure.properties.DruidStatProperties] is not eligible for getting processed by all BeanPostProcessors (for example: not eligible for auto-proxying)
2019-09-08 10:56:01.550 [main] INFO  o.s.c.s.PostProcessorRegistrationDelegate$BeanPostProcessorChecker - Bean 'advisor' of type [org.springframework.aop.support.RegexpMethodPointcutAdvisor] is not eligible for getting processed by all BeanPostProcessors (for example: not eligible for auto-proxying)
2019-09-08 10:56:01.550 [main] INFO  o.s.c.s.PostProcessorRegistrationDelegate$BeanPostProcessorChecker - Bean 'advisor' of type [org.springframework.aop.support.RegexpMethodPointcutAdvisor] is not eligible for getting processed by all BeanPostProcessors (for example: not eligible for auto-proxying)
2019-09-08 10:56:02.320 [main] INFO  com.alibaba.druid.pool.DruidDataSource - {dataSource-1} inited
2019-09-08 10:56:02.320 [main] INFO  com.alibaba.druid.pool.DruidDataSource - {dataSource-1} inited
2019-09-08 10:56:02.448 [main] INFO  org.hibernate.jpa.internal.util.LogHelper - HHH000204: Processing PersistenceUnitInfo [
	name: default
	...]
2019-09-08 10:56:02.448 [main] INFO  org.hibernate.jpa.internal.util.LogHelper - HHH000204: Processing PersistenceUnitInfo [
	name: default
	...]
2019-09-08 10:56:02.554 [main] INFO  org.hibernate.Version - HHH000412: Hibernate Core {5.3.10.Final}
2019-09-08 10:56:02.554 [main] INFO  org.hibernate.Version - HHH000412: Hibernate Core {5.3.10.Final}
2019-09-08 10:56:02.555 [main] INFO  org.hibernate.cfg.Environment - HHH000206: hibernate.properties not found
2019-09-08 10:56:02.555 [main] INFO  org.hibernate.cfg.Environment - HHH000206: hibernate.properties not found
2019-09-08 10:56:02.790 [main] INFO  org.hibernate.annotations.common.Version - HCANN000001: Hibernate Commons Annotations {5.0.4.Final}
2019-09-08 10:56:02.790 [main] INFO  org.hibernate.annotations.common.Version - HCANN000001: Hibernate Commons Annotations {5.0.4.Final}
2019-09-08 10:56:03.022 [main] INFO  org.hibernate.dialect.Dialect - HHH000400: Using dialect: org.hibernate.dialect.MySQLDialect
2019-09-08 10:56:03.022 [main] INFO  org.hibernate.dialect.Dialect - HHH000400: Using dialect: org.hibernate.dialect.MySQLDialect
2019-09-08 10:56:03.335 [main] INFO  o.s.orm.jpa.LocalContainerEntityManagerFactoryBean - Initialized JPA EntityManagerFactory for persistence unit 'default'
2019-09-08 10:56:03.335 [main] INFO  o.s.orm.jpa.LocalContainerEntityManagerFactoryBean - Initialized JPA EntityManagerFactory for persistence unit 'default'
2019-09-08 10:56:04.623 [main] INFO  o.s.scheduling.concurrent.ThreadPoolTaskExecutor - Initializing ExecutorService 'applicationTaskExecutor'
2019-09-08 10:56:04.623 [main] INFO  o.s.scheduling.concurrent.ThreadPoolTaskExecutor - Initializing ExecutorService 'applicationTaskExecutor'
2019-09-08 10:56:06.030 [main] INFO  com.boot.integration.UserServiceTest - Started UserServiceTest in 26.367 seconds (JVM running for 27.825)
2019-09-08 10:56:06.030 [main] INFO  com.boot.integration.UserServiceTest - Started UserServiceTest in 26.367 seconds (JVM running for 27.825)
2019-09-08 10:56:06.223 [main] INFO  com.boot.integration.UserServiceTest - response : User(id=1, name=程诚, loginName=chengcheng, password=123456)
2019-09-08 10:56:06.223 [main] INFO  com.boot.integration.UserServiceTest - response : User(id=1, name=程诚, loginName=chengcheng, password=123456)
2019-09-08 10:56:06.260 [Thread-3] INFO  o.s.scheduling.concurrent.ThreadPoolTaskExecutor - Shutting down ExecutorService 'applicationTaskExecutor'
2019-09-08 10:56:06.260 [Thread-3] INFO  o.s.scheduling.concurrent.ThreadPoolTaskExecutor - Shutting down ExecutorService 'applicationTaskExecutor'
2019-09-08 10:56:06.261 [Thread-3] INFO  o.s.orm.jpa.LocalContainerEntityManagerFactoryBean - Closing JPA EntityManagerFactory for persistence unit 'default'
2019-09-08 10:56:06.261 [Thread-3] INFO  o.s.orm.jpa.LocalContainerEntityManagerFactoryBean - Closing JPA EntityManagerFactory for persistence unit 'default'
2019-09-08 10:56:06.263 [Thread-3] INFO  com.alibaba.druid.pool.DruidDataSource - {dataSource-1} closing ...
2019-09-08 10:56:06.263 [Thread-3] INFO  com.alibaba.druid.pool.DruidDataSource - {dataSource-1} closing ...
2019-09-08 10:56:06.272 [Thread-3] INFO  com.alibaba.druid.pool.DruidDataSource - {dataSource-1} closed
2019-09-08 10:56:06.272 [Thread-3] INFO  com.alibaba.druid.pool.DruidDataSource - {dataSource-1} closed
2019-09-08 10:57:51.355 [main] INFO  com.boot.integration.BootIntegrationApplication - Starting BootIntegrationApplication on chengchenruideMacBook-Pro.local with PID 2333 (/Users/chengchenrui/Documents/codes/boot-integration/target/classes started by chengchenrui in /Users/chengchenrui/Documents/codes/boot-integration)
2019-09-08 10:57:51.355 [main] INFO  com.boot.integration.BootIntegrationApplication - Starting BootIntegrationApplication on chengchenruideMacBook-Pro.local with PID 2333 (/Users/chengchenrui/Documents/codes/boot-integration/target/classes started by chengchenrui in /Users/chengchenrui/Documents/codes/boot-integration)
2019-09-08 10:57:51.359 [main] INFO  com.boot.integration.BootIntegrationApplication - No active profile set, falling back to default profiles: default
2019-09-08 10:57:51.359 [main] INFO  com.boot.integration.BootIntegrationApplication - No active profile set, falling back to default profiles: default
2019-09-08 10:57:51.942 [main] INFO  o.s.d.r.config.RepositoryConfigurationDelegate - Multiple Spring Data modules found, entering strict repository configuration mode!
2019-09-08 10:57:51.942 [main] INFO  o.s.d.r.config.RepositoryConfigurationDelegate - Multiple Spring Data modules found, entering strict repository configuration mode!
2019-09-08 10:57:51.942 [main] INFO  o.s.d.r.config.RepositoryConfigurationDelegate - Bootstrapping Spring Data repositories in DEFAULT mode.
2019-09-08 10:57:51.942 [main] INFO  o.s.d.r.config.RepositoryConfigurationDelegate - Bootstrapping Spring Data repositories in DEFAULT mode.
2019-09-08 10:57:51.960 [main] INFO  o.s.d.r.config.RepositoryConfigurationDelegate - Finished Spring Data repository scanning in 12ms. Found 0 repository interfaces.
2019-09-08 10:57:51.960 [main] INFO  o.s.d.r.config.RepositoryConfigurationDelegate - Finished Spring Data repository scanning in 12ms. Found 0 repository interfaces.
2019-09-08 10:57:51.971 [main] INFO  o.s.d.r.config.RepositoryConfigurationDelegate - Multiple Spring Data modules found, entering strict repository configuration mode!
2019-09-08 10:57:51.971 [main] INFO  o.s.d.r.config.RepositoryConfigurationDelegate - Multiple Spring Data modules found, entering strict repository configuration mode!
2019-09-08 10:57:51.972 [main] INFO  o.s.d.r.config.RepositoryConfigurationDelegate - Bootstrapping Spring Data repositories in DEFAULT mode.
2019-09-08 10:57:51.972 [main] INFO  o.s.d.r.config.RepositoryConfigurationDelegate - Bootstrapping Spring Data repositories in DEFAULT mode.
2019-09-08 10:57:51.981 [main] INFO  o.s.d.r.config.RepositoryConfigurationDelegate - Finished Spring Data repository scanning in 1ms. Found 0 repository interfaces.
2019-09-08 10:57:51.981 [main] INFO  o.s.d.r.config.RepositoryConfigurationDelegate - Finished Spring Data repository scanning in 1ms. Found 0 repository interfaces.
2019-09-08 10:57:52.213 [main] INFO  o.s.c.s.PostProcessorRegistrationDelegate$BeanPostProcessorChecker - Bean 'com.alibaba.druid.spring.boot.autoconfigure.stat.DruidSpringAopConfiguration' of type [com.alibaba.druid.spring.boot.autoconfigure.stat.DruidSpringAopConfiguration] is not eligible for getting processed by all BeanPostProcessors (for example: not eligible for auto-proxying)
2019-09-08 10:57:52.213 [main] INFO  o.s.c.s.PostProcessorRegistrationDelegate$BeanPostProcessorChecker - Bean 'com.alibaba.druid.spring.boot.autoconfigure.stat.DruidSpringAopConfiguration' of type [com.alibaba.druid.spring.boot.autoconfigure.stat.DruidSpringAopConfiguration] is not eligible for getting processed by all BeanPostProcessors (for example: not eligible for auto-proxying)
2019-09-08 10:57:52.266 [main] INFO  o.s.c.s.PostProcessorRegistrationDelegate$BeanPostProcessorChecker - Bean 'org.springframework.transaction.annotation.ProxyTransactionManagementConfiguration' of type [org.springframework.transaction.annotation.ProxyTransactionManagementConfiguration$$EnhancerBySpringCGLIB$$d24dea17] is not eligible for getting processed by all BeanPostProcessors (for example: not eligible for auto-proxying)
2019-09-08 10:57:52.266 [main] INFO  o.s.c.s.PostProcessorRegistrationDelegate$BeanPostProcessorChecker - Bean 'org.springframework.transaction.annotation.ProxyTransactionManagementConfiguration' of type [org.springframework.transaction.annotation.ProxyTransactionManagementConfiguration$$EnhancerBySpringCGLIB$$d24dea17] is not eligible for getting processed by all BeanPostProcessors (for example: not eligible for auto-proxying)
2019-09-08 10:57:52.305 [main] INFO  o.s.c.s.PostProcessorRegistrationDelegate$BeanPostProcessorChecker - Bean 'spring.datasource.druid-com.alibaba.druid.spring.boot.autoconfigure.properties.DruidStatProperties' of type [com.alibaba.druid.spring.boot.autoconfigure.properties.DruidStatProperties] is not eligible for getting processed by all BeanPostProcessors (for example: not eligible for auto-proxying)
2019-09-08 10:57:52.305 [main] INFO  o.s.c.s.PostProcessorRegistrationDelegate$BeanPostProcessorChecker - Bean 'spring.datasource.druid-com.alibaba.druid.spring.boot.autoconfigure.properties.DruidStatProperties' of type [com.alibaba.druid.spring.boot.autoconfigure.properties.DruidStatProperties] is not eligible for getting processed by all BeanPostProcessors (for example: not eligible for auto-proxying)
2019-09-08 10:57:52.322 [main] INFO  o.s.c.s.PostProcessorRegistrationDelegate$BeanPostProcessorChecker - Bean 'advisor' of type [org.springframework.aop.support.RegexpMethodPointcutAdvisor] is not eligible for getting processed by all BeanPostProcessors (for example: not eligible for auto-proxying)
2019-09-08 10:57:52.322 [main] INFO  o.s.c.s.PostProcessorRegistrationDelegate$BeanPostProcessorChecker - Bean 'advisor' of type [org.springframework.aop.support.RegexpMethodPointcutAdvisor] is not eligible for getting processed by all BeanPostProcessors (for example: not eligible for auto-proxying)
2019-09-08 10:57:52.528 [main] INFO  o.s.boot.web.embedded.tomcat.TomcatWebServer - Tomcat initialized with port(s): 8080 (http)
2019-09-08 10:57:52.528 [main] INFO  o.s.boot.web.embedded.tomcat.TomcatWebServer - Tomcat initialized with port(s): 8080 (http)
2019-09-08 10:57:52.548 [main] INFO  org.apache.coyote.http11.Http11NioProtocol - Initializing ProtocolHandler ["http-nio-8080"]
2019-09-08 10:57:52.548 [main] INFO  org.apache.coyote.http11.Http11NioProtocol - Initializing ProtocolHandler ["http-nio-8080"]
2019-09-08 10:57:52.558 [main] INFO  org.apache.catalina.core.StandardService - Starting service [Tomcat]
2019-09-08 10:57:52.558 [main] INFO  org.apache.catalina.core.StandardService - Starting service [Tomcat]
2019-09-08 10:57:52.559 [main] INFO  org.apache.catalina.core.StandardEngine - Starting Servlet engine: [Apache Tomcat/9.0.22]
2019-09-08 10:57:52.559 [main] INFO  org.apache.catalina.core.StandardEngine - Starting Servlet engine: [Apache Tomcat/9.0.22]
2019-09-08 10:57:52.702 [main] INFO  o.a.c.core.ContainerBase.[Tomcat].[localhost].[/] - Initializing Spring embedded WebApplicationContext
2019-09-08 10:57:52.702 [main] INFO  o.a.c.core.ContainerBase.[Tomcat].[localhost].[/] - Initializing Spring embedded WebApplicationContext
2019-09-08 10:57:52.702 [main] INFO  org.springframework.web.context.ContextLoader - Root WebApplicationContext: initialization completed in 1311 ms
2019-09-08 10:57:52.702 [main] INFO  org.springframework.web.context.ContextLoader - Root WebApplicationContext: initialization completed in 1311 ms
2019-09-08 10:57:53.214 [main] INFO  com.alibaba.druid.pool.DruidDataSource - {dataSource-1} inited
2019-09-08 10:57:53.214 [main] INFO  com.alibaba.druid.pool.DruidDataSource - {dataSource-1} inited
2019-09-08 10:57:53.258 [main] INFO  org.hibernate.jpa.internal.util.LogHelper - HHH000204: Processing PersistenceUnitInfo [
	name: default
	...]
2019-09-08 10:57:53.258 [main] INFO  org.hibernate.jpa.internal.util.LogHelper - HHH000204: Processing PersistenceUnitInfo [
	name: default
	...]
2019-09-08 10:57:53.304 [main] INFO  org.hibernate.Version - HHH000412: Hibernate Core {5.3.10.Final}
2019-09-08 10:57:53.304 [main] INFO  org.hibernate.Version - HHH000412: Hibernate Core {5.3.10.Final}
2019-09-08 10:57:53.305 [main] INFO  org.hibernate.cfg.Environment - HHH000206: hibernate.properties not found
2019-09-08 10:57:53.305 [main] INFO  org.hibernate.cfg.Environment - HHH000206: hibernate.properties not found
2019-09-08 10:57:53.401 [main] INFO  org.hibernate.annotations.common.Version - HCANN000001: Hibernate Commons Annotations {5.0.4.Final}
2019-09-08 10:57:53.401 [main] INFO  org.hibernate.annotations.common.Version - HCANN000001: Hibernate Commons Annotations {5.0.4.Final}
2019-09-08 10:57:53.521 [main] INFO  org.hibernate.dialect.Dialect - HHH000400: Using dialect: org.hibernate.dialect.MySQLDialect
2019-09-08 10:57:53.521 [main] INFO  org.hibernate.dialect.Dialect - HHH000400: Using dialect: org.hibernate.dialect.MySQLDialect
2019-09-08 10:57:53.663 [main] INFO  o.s.orm.jpa.LocalContainerEntityManagerFactoryBean - Initialized JPA EntityManagerFactory for persistence unit 'default'
2019-09-08 10:57:53.663 [main] INFO  o.s.orm.jpa.LocalContainerEntityManagerFactoryBean - Initialized JPA EntityManagerFactory for persistence unit 'default'
2019-09-08 10:57:54.033 [main] INFO  o.s.scheduling.concurrent.ThreadPoolTaskExecutor - Initializing ExecutorService 'applicationTaskExecutor'
2019-09-08 10:57:54.033 [main] INFO  o.s.scheduling.concurrent.ThreadPoolTaskExecutor - Initializing ExecutorService 'applicationTaskExecutor'
2019-09-08 10:57:54.535 [main] INFO  org.apache.coyote.http11.Http11NioProtocol - Starting ProtocolHandler ["http-nio-8080"]
2019-09-08 10:57:54.535 [main] INFO  org.apache.coyote.http11.Http11NioProtocol - Starting ProtocolHandler ["http-nio-8080"]
2019-09-08 10:57:54.570 [main] INFO  o.s.boot.web.embedded.tomcat.TomcatWebServer - Tomcat started on port(s): 8080 (http) with context path ''
2019-09-08 10:57:54.570 [main] INFO  o.s.boot.web.embedded.tomcat.TomcatWebServer - Tomcat started on port(s): 8080 (http) with context path ''
2019-09-08 10:57:54.575 [main] INFO  com.boot.integration.BootIntegrationApplication - Started BootIntegrationApplication in 23.685 seconds (JVM running for 29.294)
2019-09-08 10:57:54.575 [main] INFO  com.boot.integration.BootIntegrationApplication - Started BootIntegrationApplication in 23.685 seconds (JVM running for 29.294)
2019-09-08 10:58:38.447 [Thread-51] INFO  o.s.scheduling.concurrent.ThreadPoolTaskExecutor - Shutting down ExecutorService 'applicationTaskExecutor'
2019-09-08 10:58:38.447 [Thread-51] INFO  o.s.scheduling.concurrent.ThreadPoolTaskExecutor - Shutting down ExecutorService 'applicationTaskExecutor'
2019-09-08 10:58:38.447 [Thread-51] INFO  o.s.orm.jpa.LocalContainerEntityManagerFactoryBean - Closing JPA EntityManagerFactory for persistence unit 'default'
2019-09-08 10:58:38.447 [Thread-51] INFO  o.s.orm.jpa.LocalContainerEntityManagerFactoryBean - Closing JPA EntityManagerFactory for persistence unit 'default'
2019-09-08 10:58:38.450 [Thread-51] INFO  com.alibaba.druid.pool.DruidDataSource - {dataSource-1} closing ...
2019-09-08 10:58:38.450 [Thread-51] INFO  com.alibaba.druid.pool.DruidDataSource - {dataSource-1} closing ...
2019-09-08 10:58:38.456 [Thread-51] INFO  com.alibaba.druid.pool.DruidDataSource - {dataSource-1} closed
2019-09-08 10:58:38.456 [Thread-51] INFO  com.alibaba.druid.pool.DruidDataSource - {dataSource-1} closed
