2019-09-07 20:40:14.966 [main] INFO  com.boot.integration.BootIntegrationApplication - Starting BootIntegrationApplication on chengchenruideMacBook-Pro.local with PID 5915 (/Users/chengchenrui/Documents/codes/boot-integration/target/classes started by chengchenrui in /Users/chengchenrui/Documents/codes/boot-integration)
2019-09-07 20:40:14.971 [main] INFO  com.boot.integration.BootIntegrationApplication - No active profile set, falling back to default profiles: default
2019-09-07 20:40:15.534 [main] INFO  o.s.d.r.config.RepositoryConfigurationDelegate - Multiple Spring Data modules found, entering strict repository configuration mode!
2019-09-07 20:40:15.534 [main] INFO  o.s.d.r.config.RepositoryConfigurationDelegate - Bootstrapping Spring Data repositories in DEFAULT mode.
2019-09-07 20:40:15.581 [main] INFO  o.s.d.r.config.RepositoryConfigurationDelegate - Finished Spring Data repository scanning in 40ms. Found 1 repository interfaces.
2019-09-07 20:40:15.592 [main] INFO  o.s.d.r.config.RepositoryConfigurationDelegate - Multiple Spring Data modules found, entering strict repository configuration mode!
2019-09-07 20:40:15.593 [main] INFO  o.s.d.r.config.RepositoryConfigurationDelegate - Bootstrapping Spring Data repositories in DEFAULT mode.
2019-09-07 20:40:15.603 [main] INFO  o.s.d.r.c.RepositoryConfigurationExtensionSupport - Spring Data Redis - Could not safely identify store assignment for repository candidate interface com.boot.integration.dao.UserMapper.
2019-09-07 20:40:15.603 [main] INFO  o.s.d.r.config.RepositoryConfigurationDelegate - Finished Spring Data repository scanning in 3ms. Found 0 repository interfaces.
2019-09-07 20:40:15.840 [main] INFO  o.s.c.s.PostProcessorRegistrationDelegate$BeanPostProcessorChecker - Bean 'com.alibaba.druid.spring.boot.autoconfigure.stat.DruidSpringAopConfiguration' of type [com.alibaba.druid.spring.boot.autoconfigure.stat.DruidSpringAopConfiguration] is not eligible for getting processed by all BeanPostProcessors (for example: not eligible for auto-proxying)
2019-09-07 20:40:15.917 [main] INFO  o.s.c.s.PostProcessorRegistrationDelegate$BeanPostProcessorChecker - Bean 'org.springframework.transaction.annotation.ProxyTransactionManagementConfiguration' of type [org.springframework.transaction.annotation.ProxyTransactionManagementConfiguration$$EnhancerBySpringCGLIB$$dbcdedf] is not eligible for getting processed by all BeanPostProcessors (for example: not eligible for auto-proxying)
2019-09-07 20:40:15.955 [main] INFO  o.s.c.s.PostProcessorRegistrationDelegate$BeanPostProcessorChecker - Bean 'spring.datasource.druid-com.alibaba.druid.spring.boot.autoconfigure.properties.DruidStatProperties' of type [com.alibaba.druid.spring.boot.autoconfigure.properties.DruidStatProperties] is not eligible for getting processed by all BeanPostProcessors (for example: not eligible for auto-proxying)
2019-09-07 20:40:15.960 [main] INFO  o.s.c.s.PostProcessorRegistrationDelegate$BeanPostProcessorChecker - Bean 'advisor' of type [org.springframework.aop.support.RegexpMethodPointcutAdvisor] is not eligible for getting processed by all BeanPostProcessors (for example: not eligible for auto-proxying)
2019-09-07 20:40:16.138 [main] INFO  o.s.boot.web.embedded.tomcat.TomcatWebServer - Tomcat initialized with port(s): 8080 (http)
2019-09-07 20:40:16.151 [main] INFO  org.apache.coyote.http11.Http11NioProtocol - Initializing ProtocolHandler ["http-nio-8080"]
2019-09-07 20:40:16.157 [main] INFO  org.apache.catalina.core.StandardService - Starting service [Tomcat]
2019-09-07 20:40:16.158 [main] INFO  org.apache.catalina.core.StandardEngine - Starting Servlet engine: [Apache Tomcat/9.0.22]
2019-09-07 20:40:16.248 [main] INFO  o.a.c.core.ContainerBase.[Tomcat].[localhost].[/] - Initializing Spring embedded WebApplicationContext
2019-09-07 20:40:16.248 [main] INFO  org.springframework.web.context.ContextLoader - Root WebApplicationContext: initialization completed in 1249 ms
2019-09-07 20:40:16.689 [main] INFO  com.alibaba.druid.pool.DruidDataSource - {dataSource-1} inited
2019-09-07 20:40:16.738 [main] INFO  org.hibernate.jpa.internal.util.LogHelper - HHH000204: Processing PersistenceUnitInfo [
	name: default
	...]
2019-09-07 20:40:16.806 [main] INFO  org.hibernate.Version - HHH000412: Hibernate Core {5.3.10.Final}
2019-09-07 20:40:16.807 [main] INFO  org.hibernate.cfg.Environment - HHH000206: hibernate.properties not found
2019-09-07 20:40:16.942 [main] INFO  org.hibernate.annotations.common.Version - HCANN000001: Hibernate Commons Annotations {5.0.4.Final}
2019-09-07 20:40:17.064 [main] INFO  org.hibernate.dialect.Dialect - HHH000400: Using dialect: org.hibernate.dialect.MySQLDialect
2019-09-07 20:40:17.313 [main] INFO  org.hibernate.tuple.PojoInstantiator - HHH000182: No default (no-argument) constructor for class: com.boot.integration.model.User (class must be instantiated by Interceptor)
2019-09-07 20:40:17.610 [main] INFO  o.s.orm.jpa.LocalContainerEntityManagerFactoryBean - Initialized JPA EntityManagerFactory for persistence unit 'default'
2019-09-07 20:40:18.049 [main] INFO  o.s.scheduling.concurrent.ThreadPoolTaskExecutor - Initializing ExecutorService 'applicationTaskExecutor'
2019-09-07 20:40:18.573 [main] INFO  org.apache.coyote.http11.Http11NioProtocol - Starting ProtocolHandler ["http-nio-8080"]
2019-09-07 20:40:18.608 [main] INFO  o.s.boot.web.embedded.tomcat.TomcatWebServer - Tomcat started on port(s): 8080 (http) with context path ''
2019-09-07 20:40:18.611 [main] INFO  com.boot.integration.BootIntegrationApplication - Started BootIntegrationApplication in 24.049 seconds (JVM running for 29.591)
2019-09-07 20:42:03.719 [Thread-51] INFO  o.s.scheduling.concurrent.ThreadPoolTaskExecutor - Shutting down ExecutorService 'applicationTaskExecutor'
2019-09-07 20:42:03.722 [Thread-51] INFO  o.s.orm.jpa.LocalContainerEntityManagerFactoryBean - Closing JPA EntityManagerFactory for persistence unit 'default'
2019-09-07 20:42:03.724 [Thread-51] INFO  com.alibaba.druid.pool.DruidDataSource - {dataSource-1} closing ...
2019-09-07 20:42:03.729 [Thread-51] INFO  com.alibaba.druid.pool.DruidDataSource - {dataSource-1} closed
2019-09-07 20:42:42.998 [main] INFO  com.boot.integration.BootIntegrationApplication - Starting BootIntegrationApplication on chengchenruideMacBook-Pro.local with PID 5985 (/Users/chengchenrui/Documents/codes/boot-integration/target/classes started by chengchenrui in /Users/chengchenrui/Documents/codes/boot-integration)
2019-09-07 20:42:43.003 [main] INFO  com.boot.integration.BootIntegrationApplication - No active profile set, falling back to default profiles: default
2019-09-07 20:42:43.508 [main] INFO  o.s.d.r.config.RepositoryConfigurationDelegate - Multiple Spring Data modules found, entering strict repository configuration mode!
2019-09-07 20:42:43.508 [main] INFO  o.s.d.r.config.RepositoryConfigurationDelegate - Bootstrapping Spring Data repositories in DEFAULT mode.
2019-09-07 20:42:43.558 [main] INFO  o.s.d.r.config.RepositoryConfigurationDelegate - Finished Spring Data repository scanning in 42ms. Found 1 repository interfaces.
2019-09-07 20:42:43.570 [main] INFO  o.s.d.r.config.RepositoryConfigurationDelegate - Multiple Spring Data modules found, entering strict repository configuration mode!
2019-09-07 20:42:43.571 [main] INFO  o.s.d.r.config.RepositoryConfigurationDelegate - Bootstrapping Spring Data repositories in DEFAULT mode.
2019-09-07 20:42:43.581 [main] INFO  o.s.d.r.c.RepositoryConfigurationExtensionSupport - Spring Data Redis - Could not safely identify store assignment for repository candidate interface com.boot.integration.dao.UserMapper.
2019-09-07 20:42:43.582 [main] INFO  o.s.d.r.config.RepositoryConfigurationDelegate - Finished Spring Data repository scanning in 3ms. Found 0 repository interfaces.
2019-09-07 20:42:43.816 [main] INFO  o.s.c.s.PostProcessorRegistrationDelegate$BeanPostProcessorChecker - Bean 'com.alibaba.druid.spring.boot.autoconfigure.stat.DruidSpringAopConfiguration' of type [com.alibaba.druid.spring.boot.autoconfigure.stat.DruidSpringAopConfiguration] is not eligible for getting processed by all BeanPostProcessors (for example: not eligible for auto-proxying)
2019-09-07 20:42:43.881 [main] INFO  o.s.c.s.PostProcessorRegistrationDelegate$BeanPostProcessorChecker - Bean 'org.springframework.transaction.annotation.ProxyTransactionManagementConfiguration' of type [org.springframework.transaction.annotation.ProxyTransactionManagementConfiguration$$EnhancerBySpringCGLIB$$d52bf876] is not eligible for getting processed by all BeanPostProcessors (for example: not eligible for auto-proxying)
2019-09-07 20:42:43.919 [main] INFO  o.s.c.s.PostProcessorRegistrationDelegate$BeanPostProcessorChecker - Bean 'spring.datasource.druid-com.alibaba.druid.spring.boot.autoconfigure.properties.DruidStatProperties' of type [com.alibaba.druid.spring.boot.autoconfigure.properties.DruidStatProperties] is not eligible for getting processed by all BeanPostProcessors (for example: not eligible for auto-proxying)
2019-09-07 20:42:43.924 [main] INFO  o.s.c.s.PostProcessorRegistrationDelegate$BeanPostProcessorChecker - Bean 'advisor' of type [org.springframework.aop.support.RegexpMethodPointcutAdvisor] is not eligible for getting processed by all BeanPostProcessors (for example: not eligible for auto-proxying)
2019-09-07 20:42:44.114 [main] INFO  o.s.boot.web.embedded.tomcat.TomcatWebServer - Tomcat initialized with port(s): 8080 (http)
2019-09-07 20:42:44.126 [main] INFO  org.apache.coyote.http11.Http11NioProtocol - Initializing ProtocolHandler ["http-nio-8080"]
2019-09-07 20:42:44.132 [main] INFO  org.apache.catalina.core.StandardService - Starting service [Tomcat]
2019-09-07 20:42:44.133 [main] INFO  org.apache.catalina.core.StandardEngine - Starting Servlet engine: [Apache Tomcat/9.0.22]
2019-09-07 20:42:44.216 [main] INFO  o.a.c.core.ContainerBase.[Tomcat].[localhost].[/] - Initializing Spring embedded WebApplicationContext
2019-09-07 20:42:44.216 [main] INFO  org.springframework.web.context.ContextLoader - Root WebApplicationContext: initialization completed in 1184 ms
2019-09-07 20:42:44.634 [main] INFO  com.alibaba.druid.pool.DruidDataSource - {dataSource-1} inited
2019-09-07 20:42:44.675 [main] INFO  org.hibernate.jpa.internal.util.LogHelper - HHH000204: Processing PersistenceUnitInfo [
	name: default
	...]
2019-09-07 20:42:44.722 [main] INFO  org.hibernate.Version - HHH000412: Hibernate Core {5.3.10.Final}
2019-09-07 20:42:44.723 [main] INFO  org.hibernate.cfg.Environment - HHH000206: hibernate.properties not found
2019-09-07 20:42:44.819 [main] INFO  org.hibernate.annotations.common.Version - HCANN000001: Hibernate Commons Annotations {5.0.4.Final}
2019-09-07 20:42:44.926 [main] INFO  org.hibernate.dialect.Dialect - HHH000400: Using dialect: org.hibernate.dialect.MySQLDialect
2019-09-07 20:42:45.180 [main] INFO  org.hibernate.tuple.PojoInstantiator - HHH000182: No default (no-argument) constructor for class: com.boot.integration.model.User (class must be instantiated by Interceptor)
2019-09-07 20:42:45.392 [main] INFO  o.s.orm.jpa.LocalContainerEntityManagerFactoryBean - Initialized JPA EntityManagerFactory for persistence unit 'default'
2019-09-07 20:42:45.788 [main] INFO  o.s.scheduling.concurrent.ThreadPoolTaskExecutor - Initializing ExecutorService 'applicationTaskExecutor'
2019-09-07 20:42:46.236 [main] INFO  org.apache.coyote.http11.Http11NioProtocol - Starting ProtocolHandler ["http-nio-8080"]
2019-09-07 20:42:46.268 [main] INFO  o.s.boot.web.embedded.tomcat.TomcatWebServer - Tomcat started on port(s): 8080 (http) with context path ''
2019-09-07 20:42:46.270 [main] INFO  com.boot.integration.BootIntegrationApplication - Started BootIntegrationApplication in 23.638 seconds (JVM running for 29.191)
2019-09-07 20:43:35.134 [Thread-50] INFO  o.s.scheduling.concurrent.ThreadPoolTaskExecutor - Shutting down ExecutorService 'applicationTaskExecutor'
2019-09-07 20:43:35.140 [Thread-50] INFO  o.s.orm.jpa.LocalContainerEntityManagerFactoryBean - Closing JPA EntityManagerFactory for persistence unit 'default'
2019-09-07 20:43:35.149 [Thread-50] INFO  com.alibaba.druid.pool.DruidDataSource - {dataSource-1} closing ...
2019-09-07 20:43:35.159 [Thread-50] INFO  com.alibaba.druid.pool.DruidDataSource - {dataSource-1} closed
2019-09-07 20:44:07.631 [main] INFO  com.boot.integration.BootIntegrationApplication - Starting BootIntegrationApplication on chengchenruideMacBook-Pro.local with PID 6020 (/Users/chengchenrui/Documents/codes/boot-integration/target/classes started by chengchenrui in /Users/chengchenrui/Documents/codes/boot-integration)
2019-09-07 20:44:07.635 [main] INFO  com.boot.integration.BootIntegrationApplication - No active profile set, falling back to default profiles: default
2019-09-07 20:44:08.189 [main] INFO  o.s.d.r.config.RepositoryConfigurationDelegate - Multiple Spring Data modules found, entering strict repository configuration mode!
2019-09-07 20:44:08.189 [main] INFO  o.s.d.r.config.RepositoryConfigurationDelegate - Bootstrapping Spring Data repositories in DEFAULT mode.
2019-09-07 20:44:08.266 [main] INFO  o.s.d.r.config.RepositoryConfigurationDelegate - Finished Spring Data repository scanning in 65ms. Found 1 repository interfaces.
2019-09-07 20:44:08.283 [main] INFO  o.s.d.r.config.RepositoryConfigurationDelegate - Multiple Spring Data modules found, entering strict repository configuration mode!
2019-09-07 20:44:08.284 [main] INFO  o.s.d.r.config.RepositoryConfigurationDelegate - Bootstrapping Spring Data repositories in DEFAULT mode.
2019-09-07 20:44:08.303 [main] INFO  o.s.d.r.c.RepositoryConfigurationExtensionSupport - Spring Data Redis - Could not safely identify store assignment for repository candidate interface com.boot.integration.dao.UserMapper.
2019-09-07 20:44:08.303 [main] INFO  o.s.d.r.config.RepositoryConfigurationDelegate - Finished Spring Data repository scanning in 4ms. Found 0 repository interfaces.
2019-09-07 20:44:08.552 [main] INFO  o.s.c.s.PostProcessorRegistrationDelegate$BeanPostProcessorChecker - Bean 'com.alibaba.druid.spring.boot.autoconfigure.stat.DruidSpringAopConfiguration' of type [com.alibaba.druid.spring.boot.autoconfigure.stat.DruidSpringAopConfiguration] is not eligible for getting processed by all BeanPostProcessors (for example: not eligible for auto-proxying)
2019-09-07 20:44:08.614 [main] INFO  o.s.c.s.PostProcessorRegistrationDelegate$BeanPostProcessorChecker - Bean 'org.springframework.transaction.annotation.ProxyTransactionManagementConfiguration' of type [org.springframework.transaction.annotation.ProxyTransactionManagementConfiguration$$EnhancerBySpringCGLIB$$f7ab76f6] is not eligible for getting processed by all BeanPostProcessors (for example: not eligible for auto-proxying)
2019-09-07 20:44:08.649 [main] INFO  o.s.c.s.PostProcessorRegistrationDelegate$BeanPostProcessorChecker - Bean 'spring.datasource.druid-com.alibaba.druid.spring.boot.autoconfigure.properties.DruidStatProperties' of type [com.alibaba.druid.spring.boot.autoconfigure.properties.DruidStatProperties] is not eligible for getting processed by all BeanPostProcessors (for example: not eligible for auto-proxying)
2019-09-07 20:44:08.654 [main] INFO  o.s.c.s.PostProcessorRegistrationDelegate$BeanPostProcessorChecker - Bean 'advisor' of type [org.springframework.aop.support.RegexpMethodPointcutAdvisor] is not eligible for getting processed by all BeanPostProcessors (for example: not eligible for auto-proxying)
2019-09-07 20:44:08.836 [main] INFO  o.s.boot.web.embedded.tomcat.TomcatWebServer - Tomcat initialized with port(s): 8080 (http)
2019-09-07 20:44:08.847 [main] INFO  org.apache.coyote.http11.Http11NioProtocol - Initializing ProtocolHandler ["http-nio-8080"]
2019-09-07 20:44:08.853 [main] INFO  org.apache.catalina.core.StandardService - Starting service [Tomcat]
2019-09-07 20:44:08.853 [main] INFO  org.apache.catalina.core.StandardEngine - Starting Servlet engine: [Apache Tomcat/9.0.22]
2019-09-07 20:44:08.943 [main] INFO  o.a.c.core.ContainerBase.[Tomcat].[localhost].[/] - Initializing Spring embedded WebApplicationContext
2019-09-07 20:44:08.944 [main] INFO  org.springframework.web.context.ContextLoader - Root WebApplicationContext: initialization completed in 1280 ms
2019-09-07 20:44:09.362 [main] INFO  com.alibaba.druid.pool.DruidDataSource - {dataSource-1} inited
2019-09-07 20:44:09.405 [main] INFO  org.hibernate.jpa.internal.util.LogHelper - HHH000204: Processing PersistenceUnitInfo [
	name: default
	...]
2019-09-07 20:44:09.455 [main] INFO  org.hibernate.Version - HHH000412: Hibernate Core {5.3.10.Final}
2019-09-07 20:44:09.456 [main] INFO  org.hibernate.cfg.Environment - HHH000206: hibernate.properties not found
2019-09-07 20:44:09.553 [main] INFO  org.hibernate.annotations.common.Version - HCANN000001: Hibernate Commons Annotations {5.0.4.Final}
2019-09-07 20:44:09.666 [main] INFO  org.hibernate.dialect.Dialect - HHH000400: Using dialect: org.hibernate.dialect.MySQLDialect
2019-09-07 20:44:09.936 [main] INFO  org.hibernate.tuple.PojoInstantiator - HHH000182: No default (no-argument) constructor for class: com.boot.integration.model.User (class must be instantiated by Interceptor)
2019-09-07 20:44:10.178 [main] INFO  o.s.orm.jpa.LocalContainerEntityManagerFactoryBean - Initialized JPA EntityManagerFactory for persistence unit 'default'
2019-09-07 20:44:10.622 [main] INFO  o.s.scheduling.concurrent.ThreadPoolTaskExecutor - Initializing ExecutorService 'applicationTaskExecutor'
2019-09-07 20:44:11.094 [main] INFO  org.apache.coyote.http11.Http11NioProtocol - Starting ProtocolHandler ["http-nio-8080"]
2019-09-07 20:44:11.128 [main] INFO  o.s.boot.web.embedded.tomcat.TomcatWebServer - Tomcat started on port(s): 8080 (http) with context path ''
2019-09-07 20:44:11.130 [main] INFO  com.boot.integration.BootIntegrationApplication - Started BootIntegrationApplication in 23.93 seconds (JVM running for 29.536)
2019-09-07 20:44:28.842 [Thread-50] INFO  o.s.scheduling.concurrent.ThreadPoolTaskExecutor - Shutting down ExecutorService 'applicationTaskExecutor'
2019-09-07 20:44:28.848 [Thread-50] INFO  o.s.orm.jpa.LocalContainerEntityManagerFactoryBean - Closing JPA EntityManagerFactory for persistence unit 'default'
2019-09-07 20:44:28.852 [Thread-50] INFO  com.alibaba.druid.pool.DruidDataSource - {dataSource-1} closing ...
2019-09-07 20:44:28.858 [Thread-50] INFO  com.alibaba.druid.pool.DruidDataSource - {dataSource-1} closed
2019-09-07 20:45:18.381 [main] INFO  com.boot.integration.BootIntegrationApplication - Starting BootIntegrationApplication on chengchenruideMacBook-Pro.local with PID 6051 (/Users/chengchenrui/Documents/codes/boot-integration/target/classes started by chengchenrui in /Users/chengchenrui/Documents/codes/boot-integration)
2019-09-07 20:45:18.385 [main] INFO  com.boot.integration.BootIntegrationApplication - No active profile set, falling back to default profiles: default
2019-09-07 20:45:18.938 [main] INFO  o.s.d.r.config.RepositoryConfigurationDelegate - Multiple Spring Data modules found, entering strict repository configuration mode!
2019-09-07 20:45:18.939 [main] INFO  o.s.d.r.config.RepositoryConfigurationDelegate - Bootstrapping Spring Data repositories in DEFAULT mode.
2019-09-07 20:45:18.995 [main] INFO  o.s.d.r.config.RepositoryConfigurationDelegate - Finished Spring Data repository scanning in 49ms. Found 1 repository interfaces.
2019-09-07 20:45:19.008 [main] INFO  o.s.d.r.config.RepositoryConfigurationDelegate - Multiple Spring Data modules found, entering strict repository configuration mode!
2019-09-07 20:45:19.010 [main] INFO  o.s.d.r.config.RepositoryConfigurationDelegate - Bootstrapping Spring Data repositories in DEFAULT mode.
2019-09-07 20:45:19.022 [main] INFO  o.s.d.r.c.RepositoryConfigurationExtensionSupport - Spring Data Redis - Could not safely identify store assignment for repository candidate interface com.boot.integration.dao.UserMapper.
2019-09-07 20:45:19.022 [main] INFO  o.s.d.r.config.RepositoryConfigurationDelegate - Finished Spring Data repository scanning in 3ms. Found 0 repository interfaces.
2019-09-07 20:45:19.260 [main] INFO  o.s.c.s.PostProcessorRegistrationDelegate$BeanPostProcessorChecker - Bean 'com.alibaba.druid.spring.boot.autoconfigure.stat.DruidSpringAopConfiguration' of type [com.alibaba.druid.spring.boot.autoconfigure.stat.DruidSpringAopConfiguration] is not eligible for getting processed by all BeanPostProcessors (for example: not eligible for auto-proxying)
2019-09-07 20:45:19.322 [main] INFO  o.s.c.s.PostProcessorRegistrationDelegate$BeanPostProcessorChecker - Bean 'org.springframework.transaction.annotation.ProxyTransactionManagementConfiguration' of type [org.springframework.transaction.annotation.ProxyTransactionManagementConfiguration$$EnhancerBySpringCGLIB$$ab58b640] is not eligible for getting processed by all BeanPostProcessors (for example: not eligible for auto-proxying)
2019-09-07 20:45:19.357 [main] INFO  o.s.c.s.PostProcessorRegistrationDelegate$BeanPostProcessorChecker - Bean 'spring.datasource.druid-com.alibaba.druid.spring.boot.autoconfigure.properties.DruidStatProperties' of type [com.alibaba.druid.spring.boot.autoconfigure.properties.DruidStatProperties] is not eligible for getting processed by all BeanPostProcessors (for example: not eligible for auto-proxying)
2019-09-07 20:45:19.362 [main] INFO  o.s.c.s.PostProcessorRegistrationDelegate$BeanPostProcessorChecker - Bean 'advisor' of type [org.springframework.aop.support.RegexpMethodPointcutAdvisor] is not eligible for getting processed by all BeanPostProcessors (for example: not eligible for auto-proxying)
2019-09-07 20:45:19.561 [main] INFO  o.s.boot.web.embedded.tomcat.TomcatWebServer - Tomcat initialized with port(s): 8080 (http)
2019-09-07 20:45:19.575 [main] INFO  org.apache.coyote.http11.Http11NioProtocol - Initializing ProtocolHandler ["http-nio-8080"]
2019-09-07 20:45:19.583 [main] INFO  org.apache.catalina.core.StandardService - Starting service [Tomcat]
2019-09-07 20:45:19.583 [main] INFO  org.apache.catalina.core.StandardEngine - Starting Servlet engine: [Apache Tomcat/9.0.22]
2019-09-07 20:45:19.671 [main] INFO  o.a.c.core.ContainerBase.[Tomcat].[localhost].[/] - Initializing Spring embedded WebApplicationContext
2019-09-07 20:45:19.672 [main] INFO  org.springframework.web.context.ContextLoader - Root WebApplicationContext: initialization completed in 1257 ms
2019-09-07 20:45:20.092 [main] INFO  com.alibaba.druid.pool.DruidDataSource - {dataSource-1} inited
2019-09-07 20:45:20.133 [main] INFO  org.hibernate.jpa.internal.util.LogHelper - HHH000204: Processing PersistenceUnitInfo [
	name: default
	...]
2019-09-07 20:45:20.182 [main] INFO  org.hibernate.Version - HHH000412: Hibernate Core {5.3.10.Final}
2019-09-07 20:45:20.183 [main] INFO  org.hibernate.cfg.Environment - HHH000206: hibernate.properties not found
2019-09-07 20:45:20.282 [main] INFO  org.hibernate.annotations.common.Version - HCANN000001: Hibernate Commons Annotations {5.0.4.Final}
2019-09-07 20:45:20.395 [main] INFO  org.hibernate.dialect.Dialect - HHH000400: Using dialect: org.hibernate.dialect.MySQLDialect
2019-09-07 20:45:20.666 [main] INFO  org.hibernate.tuple.PojoInstantiator - HHH000182: No default (no-argument) constructor for class: com.boot.integration.model.User (class must be instantiated by Interceptor)
2019-09-07 20:45:20.885 [main] INFO  o.s.orm.jpa.LocalContainerEntityManagerFactoryBean - Initialized JPA EntityManagerFactory for persistence unit 'default'
2019-09-07 20:45:21.284 [main] INFO  o.s.scheduling.concurrent.ThreadPoolTaskExecutor - Initializing ExecutorService 'applicationTaskExecutor'
2019-09-07 20:45:21.732 [main] INFO  org.apache.coyote.http11.Http11NioProtocol - Starting ProtocolHandler ["http-nio-8080"]
2019-09-07 20:45:21.764 [main] INFO  o.s.boot.web.embedded.tomcat.TomcatWebServer - Tomcat started on port(s): 8080 (http) with context path ''
2019-09-07 20:45:21.767 [main] INFO  com.boot.integration.BootIntegrationApplication - Started BootIntegrationApplication in 23.777 seconds (JVM running for 29.336)
2019-09-07 20:47:16.121 [Thread-50] INFO  o.s.scheduling.concurrent.ThreadPoolTaskExecutor - Shutting down ExecutorService 'applicationTaskExecutor'
2019-09-07 20:47:16.129 [Thread-50] INFO  o.s.orm.jpa.LocalContainerEntityManagerFactoryBean - Closing JPA EntityManagerFactory for persistence unit 'default'
2019-09-07 20:47:16.141 [Thread-50] INFO  com.alibaba.druid.pool.DruidDataSource - {dataSource-1} closing ...
2019-09-07 20:47:16.165 [Thread-50] INFO  com.alibaba.druid.pool.DruidDataSource - {dataSource-1} closed
